app/build/outputs/apk/manifest-merger-debug-report.txt
-- Merging decision tree log ---
manifest
ADDED from AndroidManifest.xml:2:1
	xmlns:android
		ADDED from AndroidManifest.xml:2:11
	package
		ADDED from AndroidManifest.xml:3:3
		INJECTED from AndroidManifest.xml:0:0
		INJECTED from AndroidManifest.xml:0:0
uses-permission#android.permission.ACCESS_FINE_LOCATION
ADDED from AndroidManifest.xml:5:3
	android:name
		ADDED from AndroidManifest.xml:5:20
application
ADDED from AndroidManifest.xml:7:3
MERGED from com.android.support:appcompat-v7:21.0.3:16:5
MERGED from com.android.support:support-v4:21.0.3:16:5
	android:label
		ADDED from AndroidManifest.xml:10:5
	android:icon
		ADDED from AndroidManifest.xml:9:5
	android:name
		ADDED from AndroidManifest.xml:8:5
activity#com.example.android.lifecycle.ActivityDemo
ADDED from AndroidManifest.xml:11:5
	android:label
		ADDED from AndroidManifest.xml:13:7
	android:name
		ADDED from AndroidManifest.xml:12:7
intent-filter#android.intent.action.MAIN+android.intent.category.LAUNCHER
ADDED from AndroidManifest.xml:14:7
action#android.intent.action.MAIN
ADDED from AndroidManifest.xml:15:9
	android:name
		ADDED from AndroidManifest.xml:15:17
category#android.intent.category.LAUNCHER
ADDED from AndroidManifest.xml:16:9
	android:name
		ADDED from AndroidManifest.xml:16:19
activity#com.example.android.lifecycle.AnotherActivity
ADDED from AndroidManifest.xml:20:5
	android:name
		ADDED from AndroidManifest.xml:20:15
activity#com.example.android.lifecycle.SystemServicesDemo
ADDED from AndroidManifest.xml:22:5
	android:name
		ADDED from AndroidManifest.xml:22:15
service#com.example.android.lifecycle.ServiceDemo
ADDED from AndroidManifest.xml:24:5
	android:name
		ADDED from AndroidManifest.xml:24:14
service#com.example.android.lifecycle.IntentServiceDemo
ADDED from AndroidManifest.xml:26:5
	android:name
		ADDED from AndroidManifest.xml:26:14
intent-filter#marakana.intent.action.IntentServiceDemo
ADDED from AndroidManifest.xml:27:7
action#marakana.intent.action.IntentServiceDemo
ADDED from AndroidManifest.xml:28:9
	android:name
		ADDED from AndroidManifest.xml:28:17
receiver#com.example.android.lifecycle.ReceiverDemo
ADDED from AndroidManifest.xml:32:5
	android:name
		ADDED from AndroidManifest.xml:32:15
intent-filter#marakana.intent.action.ReceiverDemo
ADDED from AndroidManifest.xml:33:7
action#marakana.intent.action.ReceiverDemo
ADDED from AndroidManifest.xml:34:9
	android:name
		ADDED from AndroidManifest.xml:34:17
provider#com.example.android.lifecycle.ProviderDemo
ADDED from AndroidManifest.xml:38:5
	android:authorities
		ADDED from AndroidManifest.xml:40:7
	android:name
		ADDED from AndroidManifest.xml:39:7
uses-sdk
INJECTED from AndroidManifest.xml:0:0 reason: use-sdk injection requested
MERGED from com.android.support:appcompat-v7:21.0.3:15:5
MERGED from com.android.support:support-v4:21.0.3:15:5
	android:targetSdkVersion
		INJECTED from AndroidManifest.xml:0:0
		INJECTED from AndroidManifest.xml:0:0
	android:minSdkVersion
		INJECTED from AndroidManifest.xml:0:0
		INJECTED from AndroidManifest.xml:0:0